<?xml version="1.0" encoding="UTF-8"?>
<!-- Generated by org.testng.reporters.JUnitReportReporter -->
<testsuite skipped="0" hostname="WKWIN6186813" name="tests.LoginTests" tests="2" failures="0" timestamp="21 Jun 2019 07:47:47 GMT" time="17.499" errors="0">
  <testcase name="invalidLoginTest_InvalidUserNameInvalidPassword" time="14.258" classname="tests.LoginTests"/>
  <testcase name="invalidLoginTest_EmptyUserEmptyPassword" time="3.241" classname="tests.LoginTests"/>
</testsuite> <!-- tests.LoginTests -->
